  main.cpp
  qilei_common.cpp
  qilei_menu.cpp
  zhongguoxiangqi_analysis.cpp
  zhongguoxiangqi_board.cpp
  zhongguoxiangqi_entry.cpp
  zhongguoxiangqi_gamedata.cpp
  zhongguoxiangqi_logger.cpp
  zhongguoxiangqi_main.cpp
  zhongguoxiangqi_piece.cpp
  zhongguoxiangqi_robot.cpp
  zhongguoxiangqi_time.cpp
  zhongguoxiangqi_ui.cpp
  guojixiangqi_analysis.cpp
  guojixiangqi_board.cpp
  guojixiangqi_entry.cpp
  guojixiangqi_game.cpp
  guojixiangqi_robot.cpp
  weiqi_analysis.cpp
  weiqi_board.cpp
  weiqi_entry.cpp
  weiqi_game.cpp
  weiqi_robot.cpp
  wuziqi_analysis.cpp
  wuziqi_board.cpp
  wuziqi_entry.cpp
  wuziqi_game.cpp
  wuziqi_robot.cpp
  feixingqi_board.cpp
  feixingqi_entry.cpp
  feixingqi_game.cpp
  feixingqi_keyboard.cpp
  feixingqi_main.cpp
  feixingqi_player.cpp
  feixingqi_robot.cpp
  feixingqi_time.cpp
  feixingqi_ui.cpp
  tiaoqi_analysis.cpp
  tiaoqi_board.cpp
  tiaoqi_drawer.cpp
  tiaoqi_entry.cpp
  tiaoqi_game.cpp
  tiaoqi_gamedata.cpp
  tiaoqi_keyboard.cpp
  tiaoqi_logger.cpp
  tiaoqi_main.cpp
  tiaoqi_robot.cpp
  tiaoqi_time.cpp
  chessgame.vcxproj -> C:\Users\LENOVO\Desktop\棋类游戏\x64\Debug\chessgame.exe
